\BOOKMARK [0][-]{chapter.1}{Introduction}{}% 1
\BOOKMARK [0][-]{chapter.2}{Related work and background}{}% 2
\BOOKMARK [1][-]{section.2.1}{Probabilistic learning and inference}{chapter.2}% 3
\BOOKMARK [2][-]{subsection.2.1.1}{Discriminative approach}{section.2.1}% 4
\BOOKMARK [2][-]{subsection.2.1.2}{Generative approach}{section.2.1}% 5
\BOOKMARK [1][-]{section.2.2}{Variational autoencoders}{chapter.2}% 6
\BOOKMARK [2][-]{subsection.2.2.1}{General framework}{section.2.2}% 7
\BOOKMARK [2][-]{subsection.2.2.2}{Specific example}{section.2.2}% 8
\BOOKMARK [2][-]{subsection.2.2.3}{Incorporating discrete variables}{section.2.2}% 9
\BOOKMARK [1][-]{section.2.3}{Disentangled representations}{chapter.2}% 10
\BOOKMARK [1][-]{section.2.4}{Adversarial examples}{chapter.2}% 11
\BOOKMARK [0][-]{chapter.3}{Methods}{}% 12
\BOOKMARK [1][-]{section.3.1}{Dataset}{chapter.3}% 13
\BOOKMARK [1][-]{section.3.2}{Model architecture and optimization}{chapter.3}% 14
\BOOKMARK [1][-]{section.3.3}{Attack methodology}{chapter.3}% 15
\BOOKMARK [0][-]{chapter.4}{Results}{}% 16
\BOOKMARK [0][-]{chapter.5}{Conclusion}{}% 17
\BOOKMARK [1][-]{section.5.1}{Summary}{chapter.5}% 18
\BOOKMARK [1][-]{section.5.2}{Future work and discussion}{chapter.5}% 19
\BOOKMARK [0][-]{chapter*.11}{Appendix}{}% 20
\BOOKMARK [0][-]{chapter*.15}{Bibliography}{}% 21
